[INFO ] 2017-05-05 15:33:08,409 org.scorpia.weixin.main.MenuManager 菜单创建成功！
[ERROR] 2017-05-05 15:43:27,117 org.scorpia.course.util.MenuUtil 创建菜单失败 errcode:40024 errmsg:invalid sub button type hint: [66uHpa0209vr22]
[INFO ] 2017-05-05 15:43:27,118 org.scorpia.weixin.main.MenuManager 菜单创建失败！
[INFO ] 2017-05-05 15:44:11,576 org.scorpia.weixin.main.MenuManager 菜单创建成功！
[INFO ] 2017-05-05 16:13:37,979 org.scorpia.weixin.main.MenuManager Id:7
Name:Clash Royale
Version3.5
Id:7
Name:Clash Royale
Version3.5
Id:7
Name:Clash Royale
Version3.5

[INFO ] 2017-05-05 16:16:49,274 org.scorpia.weixin.main.MenuManager Id:7
Name:Clash Royale
Version3.5
Id:7
Name:Clash Royale
Version3.5
Id:7
Name:Clash Royale
Version3.5

[INFO ] 2017-05-05 16:25:35,008 org.scorpia.weixin.main.MenuManager Id:7
Name:Clash Royale
Version3.5
Id:7
Name:Clash Royale
Version3.5
Id:7
Name:Clash Royale
Version3.5

[INFO ] 2017-05-05 16:26:44,972 org.scorpia.weixin.main.MenuManager 
[INFO ] 2017-05-05 21:40:01,994 org.scorpia.weixin.main.MenuManager 
[INFO ] 2017-05-05 21:40:11,907 org.scorpia.weixin.main.MenuManager 
[INFO ] 2017-05-05 21:43:22,299 org.scorpia.weixin.main.MenuManager 
[INFO ] 2017-05-05 21:51:48,322 org.scorpia.weixin.main.MenuManager 菜单创建成功！
[INFO ] 2017-05-05 22:01:13,943 org.scorpia.weixin.main.MenuManager 菜单创建成功！
[INFO ] 2017-05-05 22:03:33,635 org.scorpia.weixin.main.MenuManager 菜单创建成功！
[INFO ] 2017-05-05 22:06:27,245 org.scorpia.weixin.main.MenuManager 菜单创建成功！
